c:\users\tuntı\desktop\source codes\gıthub\learnopengl\learnopengl\debug\vc142.pdb
c:\users\tuntı\desktop\source codes\gıthub\learnopengl\learnopengl\debug\vc142.ıdb
c:\users\tuntı\desktop\source codes\gıthub\learnopengl\learnopengl\debug\vertexbuffer.obj
c:\users\tuntı\desktop\source codes\gıthub\learnopengl\learnopengl\debug\vertexarray.obj
c:\users\tuntı\desktop\source codes\gıthub\learnopengl\learnopengl\debug\stb_ımage.obj
c:\users\tuntı\desktop\source codes\gıthub\learnopengl\learnopengl\debug\texture.obj
c:\users\tuntı\desktop\source codes\gıthub\learnopengl\learnopengl\debug\shader.obj
c:\users\tuntı\desktop\source codes\gıthub\learnopengl\learnopengl\debug\renderer.obj
c:\users\tuntı\desktop\source codes\gıthub\learnopengl\learnopengl\debug\maın.obj
c:\users\tuntı\desktop\source codes\gıthub\learnopengl\learnopengl\debug\ındexbuffer.obj
c:\users\tuntı\desktop\source codes\gıthub\learnopengl\learnopengl\debug\glerrors.obj
c:\users\tuntı\desktop\source codes\gıthub\learnopengl\learnopengl\debug\glm.obj
c:\users\tuntı\desktop\source codes\gıthub\learnopengl\learnopengl\debug\ımguı_wıdgets.obj
c:\users\tuntı\desktop\source codes\gıthub\learnopengl\learnopengl\debug\ımguı_ımpl_opengl3.obj
c:\users\tuntı\desktop\source codes\gıthub\learnopengl\learnopengl\debug\ımguı_draw.obj
c:\users\tuntı\desktop\source codes\gıthub\learnopengl\learnopengl\debug\ımguı_demo.obj
c:\users\tuntı\desktop\source codes\gıthub\learnopengl\learnopengl\debug\ımguı.obj
c:\users\tuntı\desktop\source codes\gıthub\learnopengl\learnopengl\debug\ımguı_ımpl_glfw.obj
c:\users\tuntı\desktop\source codes\gıthub\learnopengl\debug\learnopengl.exe
c:\users\tuntı\desktop\source codes\gıthub\learnopengl\debug\learnopengl.ılk
c:\users\tuntı\desktop\source codes\gıthub\learnopengl\debug\learnopengl.pdb
c:\users\tunti\desktop\source codes\github\learnopengl\learnopengl\debug\glerrors.obj
c:\users\tunti\desktop\source codes\github\learnopengl\learnopengl\debug\glm.obj
c:\users\tunti\desktop\source codes\github\learnopengl\learnopengl\debug\imgui.obj
c:\users\tunti\desktop\source codes\github\learnopengl\learnopengl\debug\imgui_demo.obj
c:\users\tunti\desktop\source codes\github\learnopengl\learnopengl\debug\imgui_draw.obj
c:\users\tunti\desktop\source codes\github\learnopengl\learnopengl\debug\imgui_impl_glfw.obj
c:\users\tunti\desktop\source codes\github\learnopengl\learnopengl\debug\imgui_impl_opengl3.obj
c:\users\tunti\desktop\source codes\github\learnopengl\learnopengl\debug\imgui_widgets.obj
c:\users\tunti\desktop\source codes\github\learnopengl\learnopengl\debug\ındexbuffer.obj
c:\users\tunti\desktop\source codes\github\learnopengl\learnopengl\debug\main.obj
c:\users\tunti\desktop\source codes\github\learnopengl\learnopengl\debug\renderer.obj
c:\users\tunti\desktop\source codes\github\learnopengl\learnopengl\debug\shader.obj
c:\users\tunti\desktop\source codes\github\learnopengl\learnopengl\debug\stb_image.obj
c:\users\tunti\desktop\source codes\github\learnopengl\learnopengl\debug\texture.obj
c:\users\tunti\desktop\source codes\github\learnopengl\learnopengl\debug\vertexarray.obj
c:\users\tunti\desktop\source codes\github\learnopengl\learnopengl\debug\vertexbuffer.obj
c:\users\tunti\desktop\source codes\github\learnopengl\learnopengl\debug\vc142.idb
c:\users\tunti\desktop\source codes\github\learnopengl\learnopengl\debug\vc142.pdb
c:\users\tunti\desktop\source codes\github\learnopengl\debug\learnopengl.pdb
c:\users\tunti\desktop\source codes\github\learnopengl\debug\learnopengl.exe
c:\users\tunti\desktop\source codes\github\learnopengl\debug\learnopengl.ilk
c:\users\tunti\desktop\source codes\github\learnopengl\learnopengl\debug\learnopengl.tlog\cl.command.1.tlog
c:\users\tunti\desktop\source codes\github\learnopengl\learnopengl\debug\learnopengl.tlog\cl.read.1.tlog
c:\users\tunti\desktop\source codes\github\learnopengl\learnopengl\debug\learnopengl.tlog\cl.write.1.tlog
c:\users\tunti\desktop\source codes\github\learnopengl\learnopengl\debug\learnopengl.tlog\link.command.1.tlog
c:\users\tunti\desktop\source codes\github\learnopengl\learnopengl\debug\learnopengl.tlog\link.read.1.tlog
c:\users\tunti\desktop\source codes\github\learnopengl\learnopengl\debug\learnopengl.tlog\link.write.1.tlog
